{"uuid":"3d17a29d-8f54-4747-81b6-457e6152f8ad","historyId":"968b1b1b4fd88f135d579f7f2104cdf2","fullName":"pageObjects.tests.amazonTesting.testAmazon","labels":[{"name":"package","value":"pageObjects.tests.amazonTesting"},{"name":"testClass","value":"pageObjects.tests.amazonTesting"},{"name":"testMethod","value":"testAmazon"},{"name":"parentSuite","value":"All Test Suite"},{"name":"suite","value":"amazonTesting"},{"name":"subSuite","value":"pageObjects.tests.amazonTesting"},{"name":"host","value":"Nesy-Widyastuti"},{"name":"thread","value":"11948@Nesy-Widyastuti.TestNG-test=amazonTesting-1(14)"},{"name":"framework","value":"testng"},{"name":"language","value":"java"}],"links":[],"name":"testAmazon","status":"broken","statusDetails":{"known":false,"muted":false,"flaky":false,"message":"Expected condition failed: waiting for visibility of [[ChromeDriver: chrome on WINDOWS (edf6a34f8e6bad84c36d41ebd673edef)] -> css selector: #s-result-sort-select_2] (tried for 10 second(s) with 500 milliseconds interval)\nBuild info: version: '4.0.0-beta-4', revision: '29f46d02dd'\nSystem info: host: 'NESY-WIDYASTUTI', ip: '192.168.100.128', os.name: 'Windows 10', os.arch: 'amd64', os.version: '10.0', java.version: '11.0.12'\nDriver info: org.openqa.selenium.chrome.ChromeDriver\nCapabilities {acceptInsecureCerts: false, browserName: chrome, browserVersion: 94.0.4606.81, chrome: {chromedriverVersion: 94.0.4606.61 (418b78f5838ed..., userDataDir: C:\\Users\\Nesy\\AppData\\Local...}, goog:chromeOptions: {debuggerAddress: localhost:49242}, javascriptEnabled: true, networkConnectionEnabled: false, pageLoadStrategy: normal, platform: WINDOWS, platformName: WINDOWS, proxy: Proxy(), se:cdp: ws://localhost:49242/devtoo..., se:cdpVersion: 94.0.4606.81, setWindowRect: true, strictFileInteractability: false, timeouts: {implicit: 0, pageLoad: 300000, script: 30000}, unhandledPromptBehavior: dismiss and notify, webauthn:extension:credBlob: true, webauthn:extension:largeBlob: true, webauthn:virtualAuthenticators: true}\nSession ID: edf6a34f8e6bad84c36d41ebd673edef","trace":"org.openqa.selenium.TimeoutException: Expected condition failed: waiting for visibility of [[ChromeDriver: chrome on WINDOWS (edf6a34f8e6bad84c36d41ebd673edef)] -> css selector: #s-result-sort-select_2] (tried for 10 second(s) with 500 milliseconds interval)\nBuild info: version: '4.0.0-beta-4', revision: '29f46d02dd'\nSystem info: host: 'NESY-WIDYASTUTI', ip: '192.168.100.128', os.name: 'Windows 10', os.arch: 'amd64', os.version: '10.0', java.version: '11.0.12'\nDriver info: org.openqa.selenium.chrome.ChromeDriver\nCapabilities {acceptInsecureCerts: false, browserName: chrome, browserVersion: 94.0.4606.81, chrome: {chromedriverVersion: 94.0.4606.61 (418b78f5838ed..., userDataDir: C:\\Users\\Nesy\\AppData\\Local...}, goog:chromeOptions: {debuggerAddress: localhost:49242}, javascriptEnabled: true, networkConnectionEnabled: false, pageLoadStrategy: normal, platform: WINDOWS, platformName: WINDOWS, proxy: Proxy(), se:cdp: ws://localhost:49242/devtoo..., se:cdpVersion: 94.0.4606.81, setWindowRect: true, strictFileInteractability: false, timeouts: {implicit: 0, pageLoad: 300000, script: 30000}, unhandledPromptBehavior: dismiss and notify, webauthn:extension:credBlob: true, webauthn:extension:largeBlob: true, webauthn:virtualAuthenticators: true}\nSession ID: edf6a34f8e6bad84c36d41ebd673edef\r\n\tat org.openqa.selenium.support.ui.WebDriverWait.timeoutException(WebDriverWait.java:138)\r\n\tat org.openqa.selenium.support.ui.FluentWait.until(FluentWait.java:231)\r\n\tat utils.ExplicitWaiting.explicitWaitVisibilityOfElement(ExplicitWaiting.java:65)\r\n\tat pageObjects.pages.AmazonTest.reproduceAmazonTest(AmazonTest.java:54)\r\n\tat pageObjects.tests.amazonTesting.testAmazon(amazonTesting.java:16)\r\n\tat java.base/jdk.internal.reflect.NativeMethodAccessorImpl.invoke0(Native Method)\r\n\tat java.base/jdk.internal.reflect.NativeMethodAccessorImpl.invoke(NativeMethodAccessorImpl.java:62)\r\n\tat java.base/jdk.internal.reflect.DelegatingMethodAccessorImpl.invoke(DelegatingMethodAccessorImpl.java:43)\r\n\tat java.base/java.lang.reflect.Method.invoke(Method.java:566)\r\n\tat org.testng.internal.MethodInvocationHelper.invokeMethod(MethodInvocationHelper.java:133)\r\n\tat org.testng.internal.TestInvoker.invokeMethod(TestInvoker.java:598)\r\n\tat org.testng.internal.TestInvoker.invokeTestMethod(TestInvoker.java:173)\r\n\tat org.testng.internal.MethodRunner.runInSequence(MethodRunner.java:46)\r\n\tat org.testng.internal.TestInvoker$MethodInvocationAgent.invoke(TestInvoker.java:824)\r\n\tat org.testng.internal.TestInvoker.invokeTestMethods(TestInvoker.java:146)\r\n\tat org.testng.internal.TestMethodWorker.invokeTestMethods(TestMethodWorker.java:146)\r\n\tat org.testng.internal.TestMethodWorker.run(TestMethodWorker.java:128)\r\n\tat java.base/java.util.concurrent.ThreadPoolExecutor.runWorker(ThreadPoolExecutor.java:1128)\r\n\tat java.base/java.util.concurrent.ThreadPoolExecutor$Worker.run(ThreadPoolExecutor.java:628)\r\n\tat java.base/java.lang.Thread.run(Thread.java:834)\r\n"},"stage":"finished","description":"Amazon Testing","steps":[{"name":"Reproduce","status":"broken","statusDetails":{"known":false,"muted":false,"flaky":false,"message":"Expected condition failed: waiting for visibility of [[ChromeDriver: chrome on WINDOWS (edf6a34f8e6bad84c36d41ebd673edef)] -> css selector: #s-result-sort-select_2] (tried for 10 second(s) with 500 milliseconds interval)\nBuild info: version: '4.0.0-beta-4', revision: '29f46d02dd'\nSystem info: host: 'NESY-WIDYASTUTI', ip: '192.168.100.128', os.name: 'Windows 10', os.arch: 'amd64', os.version: '10.0', java.version: '11.0.12'\nDriver info: org.openqa.selenium.chrome.ChromeDriver\nCapabilities {acceptInsecureCerts: false, browserName: chrome, browserVersion: 94.0.4606.81, chrome: {chromedriverVersion: 94.0.4606.61 (418b78f5838ed..., userDataDir: C:\\Users\\Nesy\\AppData\\Local...}, goog:chromeOptions: {debuggerAddress: localhost:49242}, javascriptEnabled: true, networkConnectionEnabled: false, pageLoadStrategy: normal, platform: WINDOWS, platformName: WINDOWS, proxy: Proxy(), se:cdp: ws://localhost:49242/devtoo..., se:cdpVersion: 94.0.4606.81, setWindowRect: true, strictFileInteractability: false, timeouts: {implicit: 0, pageLoad: 300000, script: 30000}, unhandledPromptBehavior: dismiss and notify, webauthn:extension:credBlob: true, webauthn:extension:largeBlob: true, webauthn:virtualAuthenticators: true}\nSession ID: edf6a34f8e6bad84c36d41ebd673edef","trace":"org.openqa.selenium.TimeoutException: Expected condition failed: waiting for visibility of [[ChromeDriver: chrome on WINDOWS (edf6a34f8e6bad84c36d41ebd673edef)] -> css selector: #s-result-sort-select_2] (tried for 10 second(s) with 500 milliseconds interval)\nBuild info: version: '4.0.0-beta-4', revision: '29f46d02dd'\nSystem info: host: 'NESY-WIDYASTUTI', ip: '192.168.100.128', os.name: 'Windows 10', os.arch: 'amd64', os.version: '10.0', java.version: '11.0.12'\nDriver info: org.openqa.selenium.chrome.ChromeDriver\nCapabilities {acceptInsecureCerts: false, browserName: chrome, browserVersion: 94.0.4606.81, chrome: {chromedriverVersion: 94.0.4606.61 (418b78f5838ed..., userDataDir: C:\\Users\\Nesy\\AppData\\Local...}, goog:chromeOptions: {debuggerAddress: localhost:49242}, javascriptEnabled: true, networkConnectionEnabled: false, pageLoadStrategy: normal, platform: WINDOWS, platformName: WINDOWS, proxy: Proxy(), se:cdp: ws://localhost:49242/devtoo..., se:cdpVersion: 94.0.4606.81, setWindowRect: true, strictFileInteractability: false, timeouts: {implicit: 0, pageLoad: 300000, script: 30000}, unhandledPromptBehavior: dismiss and notify, webauthn:extension:credBlob: true, webauthn:extension:largeBlob: true, webauthn:virtualAuthenticators: true}\nSession ID: edf6a34f8e6bad84c36d41ebd673edef\r\n\tat org.openqa.selenium.support.ui.WebDriverWait.timeoutException(WebDriverWait.java:138)\r\n\tat org.openqa.selenium.support.ui.FluentWait.until(FluentWait.java:231)\r\n\tat utils.ExplicitWaiting.explicitWaitVisibilityOfElement(ExplicitWaiting.java:65)\r\n\tat pageObjects.pages.AmazonTest.reproduceAmazonTest(AmazonTest.java:54)\r\n\tat pageObjects.tests.amazonTesting.testAmazon(amazonTesting.java:16)\r\n\tat java.base/jdk.internal.reflect.NativeMethodAccessorImpl.invoke0(Native Method)\r\n\tat java.base/jdk.internal.reflect.NativeMethodAccessorImpl.invoke(NativeMethodAccessorImpl.java:62)\r\n\tat java.base/jdk.internal.reflect.DelegatingMethodAccessorImpl.invoke(DelegatingMethodAccessorImpl.java:43)\r\n\tat java.base/java.lang.reflect.Method.invoke(Method.java:566)\r\n\tat org.testng.internal.MethodInvocationHelper.invokeMethod(MethodInvocationHelper.java:133)\r\n\tat org.testng.internal.TestInvoker.invokeMethod(TestInvoker.java:598)\r\n\tat org.testng.internal.TestInvoker.invokeTestMethod(TestInvoker.java:173)\r\n\tat org.testng.internal.MethodRunner.runInSequence(MethodRunner.java:46)\r\n\tat org.testng.internal.TestInvoker$MethodInvocationAgent.invoke(TestInvoker.java:824)\r\n\tat org.testng.internal.TestInvoker.invokeTestMethods(TestInvoker.java:146)\r\n\tat org.testng.internal.TestMethodWorker.invokeTestMethods(TestMethodWorker.java:146)\r\n\tat org.testng.internal.TestMethodWorker.run(TestMethodWorker.java:128)\r\n\tat java.base/java.util.concurrent.ThreadPoolExecutor.runWorker(ThreadPoolExecutor.java:1128)\r\n\tat java.base/java.util.concurrent.ThreadPoolExecutor$Worker.run(ThreadPoolExecutor.java:628)\r\n\tat java.base/java.lang.Thread.run(Thread.java:834)\r\n"},"stage":"finished","steps":[],"attachments":[],"parameters":[],"start":1635092573575,"stop":1635092645102}],"attachments":[{"name":"Entire Page Screenshot of pageObjects.tests.amazonTesting.testAmazon","source":"0c106729-5fe7-4295-9ccc-74052ac4563e-attachment","type":"image/png"}],"parameters":[],"start":1635092573368,"stop":1635092660524}